<?xml version="1.0" encoding="UTF-8"?>
<testsuite xmlns:xsi="http://www.w3.org/2001/XMLSchema-instance" xsi:noNamespaceSchemaLocation="https://maven.apache.org/surefire/maven-surefire-plugin/xsd/surefire-test-report.xsd" version="3.0.2" name="com.booklabs.SpringBookLabsApplicationTests" time="11.652" tests="1" errors="0" skipped="0" failures="0" flakes="0">
  <properties>
[...]
</properties>
  <testcase name="contextLoads" classname="com.booklabs.SpringBookLabsApplicationTests" time="2.364">
    <system-out><![CDATA[12:58:25.908 [main] INFO org.springframework.test.context.support.AnnotationConfigContextLoaderUtils -- Could not detect default configuration classes for test class [com.booklabs.SpringBookLabsApplicationTests]: SpringBookLabsApplicationTests does not declare any static, non-private, non-final, nested classes annotated with @Configuration.
12:58:26.364 [main] INFO org.springframework.boot.test.context.SpringBootTestContextBootstrapper -- Found @SpringBootConfiguration com.booklabs.SpringBookLabsApplication for test class com.booklabs.SpringBookLabsApplicationTests
12:58:26.805 [main] INFO org.springframework.test.context.support.AnnotationConfigContextLoaderUtils -- Could not detect default configuration classes for test class [com.booklabs.SpringBookLabsApplicationTests]: SpringBookLabsApplicationTests does not declare any static, non-private, non-final, nested classes annotated with @Configuration.
12:58:26.809 [main] INFO org.springframework.boot.test.context.SpringBootTestContextBootstrapper -- Found @SpringBootConfiguration com.booklabs.SpringBookLabsApplication for test class com.booklabs.SpringBookLabsApplicationTests

  .   ____          _            __ _ _
 /\\ / ___'_ __ _ _(_)_ __  __ _ \ \ \ \
( ( )\___ | '_ | '_| | '_ \/ _` | \ \ \ \
 \\/  ___)| |_)| | | | | || (_| |  ) ) ) )
  '  |____| .__|_| |_|_| |_\__, | / / / /
 =========|_|==============|___/=/_/_/_/

 :: Spring Boot ::                (v4.0.5)

2026-04-10T12:58:28.512Z  INFO 26152 --- [spring-boot-k8s] [           main] c.b.SpringBookLabsApplicationTests       : Starting SpringBookLabsApplicationTests using Java 17.0.11 with PID 26152 (started by HP in C:\Users\HP\Documents\workflow\workflow-sb\spring-book-labs)
2026-04-10T12:58:28.516Z  INFO 26152 --- [spring-boot-k8s] [           main] c.b.SpringBookLabsApplicationTests       : No active profile set, falling back to 1 default profile: "default"
2026-04-10T12:58:34.241Z  INFO 26152 --- [spring-boot-k8s] [           main] c.b.SpringBookLabsApplicationTests       : Started SpringBookLabsApplicationTests in 7.08 seconds (process running for 11.913)
]]></system-out>
  </testcase>
</testsuite>